<?xml version="1.0" encoding="UTF-8"?>
<!-- Generated by org.testng.reporters.JUnitReportReporter -->
<testsuite hostname="AGLK-LAP-243" failures="0" tests="1" name="com.crm.qa.customermanagementtestcase.Customersafeentryrequest" time="136.230" errors="0" timestamp="24 Oct 2022 11:41:24 GMT" skipped="0">
  <testcase classname="com.crm.qa.customermanagementtestcase.Customersafeentryrequest" name="ValidateCustomersafeentryrequest" time="136.230"/>
</testsuite> <!-- com.crm.qa.customermanagementtestcase.Customersafeentryrequest -->
