<?xml version="1.0" encoding="UTF-8"?>
<!-- Generated by org.testng.reporters.JUnitReportReporter -->
<testsuite hostname="AGLK-LAP-243" failures="0" tests="1" name="com.crm.qa.logintestcase.LoginPageTest" time="108.662" errors="0" timestamp="16 Oct 2022 08:35:38 GMT" skipped="0">
  <testcase classname="com.crm.qa.logintestcase.LoginPageTest" name="ValidateSIGNIN" time="108.662"/>
</testsuite> <!-- com.crm.qa.logintestcase.LoginPageTest -->
