<?xml version="1.0" encoding="UTF-8"?>
<!-- Generated by org.testng.reporters.JUnitReportReporter -->
<testsuite hostname="AGLK-LAP-243" failures="0" tests="1" name="GlobalTest.fibo" time="0.023" errors="0" timestamp="04 Oct 2022 12:47:46 GMT" skipped="0">
  <testcase classname="GlobalTest.fibo" name="f" time="0.023"/>
</testsuite> <!-- GlobalTest.fibo -->
