<?xml version="1.0" encoding="UTF-8"?>
<!-- Generated by org.testng.reporters.JUnitReportReporter -->
<testsuite hostname="AGLK-LAP-243" failures="0" tests="1" name="GlobalTest.LoginPageTest" time="58.203" errors="0" timestamp="12 Oct 2022 18:00:41 GMT" skipped="0">
  <testcase classname="GlobalTest.LoginPageTest" name="jointofidelitylogin" time="58.203"/>
</testsuite> <!-- GlobalTest.LoginPageTest -->
