<?xml version="1.0" encoding="UTF-8"?>
<!-- Generated by org.testng.reporters.JUnitReportReporter -->
<testsuite skipped="0" hostname="QAL-YOGESH" name="GlobalTest.HomePageTest" tests="1" failures="0" timestamp="12 May 2022 18:45:01 GMT" time="48.897" errors="0">
  <testcase name="JoinRakuten" time="48.897" classname="GlobalTest.HomePageTest"/>
</testsuite> <!-- GlobalTest.HomePageTest -->
